<?xml version="1.0" encoding="UTF-8"?>
<testsuite name="PersonTest" tests="3" skipped="0" failures="0" errors="0" timestamp="2023-01-12T19:43:33" hostname="liangs-MacBook-Pro.local" time="0.011">
  <properties/>
  <testcase name="getAddress()" classname="PersonTest" time="0.009"/>
  <testcase name="getName()" classname="PersonTest" time="0.0"/>
  <testcase name="getEmail()" classname="PersonTest" time="0.0"/>
  <system-out><![CDATA[]]></system-out>
  <system-err><![CDATA[]]></system-err>
</testsuite>
